<?xml version="1.0" encoding="UTF-8"?>
<!-- Generated by org.testng.reporters.JUnitReportReporter -->
<testsuite skipped="0" hostname="DESKTOP-D78M4RB" name="testCases.TC1" tests="3" failures="0" timestamp="2020-11-30T00:17:47 IST" time="27.197" errors="0">
  <testcase name="sampleMethod3" time="8.956" classname="testCases.TC1"/>
  <system-out/>
  <testcase name="sampleMethod" time="9.134" classname="testCases.TC1"/>
  <system-out/>
  <testcase name="sampleMethod2" time="9.107" classname="testCases.TC1"/>
  <system-out/>
</testsuite> <!-- testCases.TC1 -->
